2025-08-26 05:22:08 Exception: Call to a member function query() on null in C:\Program Files\xampp\htdocs\Human-Resources-Management-System-BSIS-02\describe_public_holidays.php on line 4
2025-08-26 05:22:54 Exception: Call to a member function query() on null in C:\Program Files\xampp\htdocs\Human-Resources-Management-System-BSIS-02\describe_public_holidays.php on line 5
2025-08-26 05:23:33 Exception: Call to a member function query() on null in C:\Program Files\xampp\htdocs\Human-Resources-Management-System-BSIS-02\describe_public_holidays.php on line 8
2025-08-26 05:24:42 Exception: Call to a member function query() on null in C:\Program Files\xampp\htdocs\Human-Resources-Management-System-BSIS-02\add_holiday_type_column.php on line 6
2025-09-02 10:39:05 Exception: Call to undefined function getCycles() in C:\xampp\htdocs\Human-Resources-Management-System-BSIS-02\api_cycles.php on line 23
2025-09-02 10:39:05 Exception: Call to undefined function getCycles() in C:\xampp\htdocs\Human-Resources-Management-System-BSIS-02\api_cycles.php on line 23
2025-09-02 10:39:06 Exception: Call to undefined function getCycles() in C:\xampp\htdocs\Human-Resources-Management-System-BSIS-02\api_cycles.php on line 23
2025-09-02 10:39:06 Exception: Call to undefined function getCycles() in C:\xampp\htdocs\Human-Resources-Management-System-BSIS-02\api_cycles.php on line 23
2025-09-02 10:39:10 Exception: Call to undefined function getCycles() in C:\xampp\htdocs\Human-Resources-Management-System-BSIS-02\api_cycles.php on line 23
2025-09-02 10:39:12 Exception: Call to undefined function getCycles() in C:\xampp\htdocs\Human-Resources-Management-System-BSIS-02\api_cycles.php on line 23
2025-09-02 10:40:08 Exception: Call to undefined function addCycle() in C:\xampp\htdocs\Human-Resources-Management-System-BSIS-02\api_cycles.php on line 29
2025-09-02 10:40:16 Exception: Call to undefined function addCycle() in C:\xampp\htdocs\Human-Resources-Management-System-BSIS-02\api_cycles.php on line 29
2025-09-02 10:40:17 Exception: Call to undefined function addCycle() in C:\xampp\htdocs\Human-Resources-Management-System-BSIS-02\api_cycles.php on line 29
2025-09-02 10:40:17 Exception: Call to undefined function addCycle() in C:\xampp\htdocs\Human-Resources-Management-System-BSIS-02\api_cycles.php on line 29
2025-09-02 10:40:18 Exception: Call to undefined function addCycle() in C:\xampp\htdocs\Human-Resources-Management-System-BSIS-02\api_cycles.php on line 29
2025-09-02 10:40:18 Exception: Call to undefined function addCycle() in C:\xampp\htdocs\Human-Resources-Management-System-BSIS-02\api_cycles.php on line 29
2025-09-02 10:40:18 Exception: Call to undefined function addCycle() in C:\xampp\htdocs\Human-Resources-Management-System-BSIS-02\api_cycles.php on line 29
2025-09-02 10:40:18 Exception: Call to undefined function addCycle() in C:\xampp\htdocs\Human-Resources-Management-System-BSIS-02\api_cycles.php on line 29
2025-09-02 10:40:19 Exception: Call to undefined function addCycle() in C:\xampp\htdocs\Human-Resources-Management-System-BSIS-02\api_cycles.php on line 29
2025-09-02 11:33:48 Exception: Call to undefined function getCycles() in C:\xampp\htdocs\Human-Resources-Management-System-BSIS-02\api_cycles.php on line 23
2025-09-02 11:34:12 Exception: Call to undefined function addCycle() in C:\xampp\htdocs\Human-Resources-Management-System-BSIS-02\api_cycles.php on line 29
2025-09-02 11:38:35 Exception: Call to undefined function getCycles() in C:\xampp\htdocs\Human-Resources-Management-System-BSIS-02\api_cycles.php on line 23
2025-09-02 11:38:53 Exception: Call to undefined function addCycle() in C:\xampp\htdocs\Human-Resources-Management-System-BSIS-02\api_cycles.php on line 29
2025-09-02 11:39:42 Exception: Call to undefined function addCycle() in C:\xampp\htdocs\Human-Resources-Management-System-BSIS-02\api_cycles.php on line 29
2025-09-02 11:46:25 Exception: Call to undefined function addCycle() in C:\xampp\htdocs\Human-Resources-Management-System-BSIS-02\api_cycles.php on line 29
2025-09-02 11:46:53 Exception: Call to undefined function addCycle() in C:\xampp\htdocs\Human-Resources-Management-System-BSIS-02\api_cycles.php on line 29
2025-09-02 11:52:37 Exception: Call to undefined function getCycles() in C:\xampp\htdocs\Human-Resources-Management-System-BSIS-02\api_cycles.php on line 23
2025-09-02 11:53:19 Exception: Call to undefined function getCycles() in C:\xampp\htdocs\Human-Resources-Management-System-BSIS-02\api_cycles.php on line 23
2025-09-02 12:22:46 Exception: Call to undefined method PDOStatement::bind_param() in C:\xampp\htdocs\Human-Resources-Management-System-BSIS-02\save_cycle.php on line 29
2025-09-02 12:22:48 Exception: Call to undefined method PDOStatement::bind_param() in C:\xampp\htdocs\Human-Resources-Management-System-BSIS-02\save_cycle.php on line 29
2025-09-02 12:22:49 Exception: Call to undefined method PDOStatement::bind_param() in C:\xampp\htdocs\Human-Resources-Management-System-BSIS-02\save_cycle.php on line 29
2025-09-02 12:22:49 Exception: Call to undefined method PDOStatement::bind_param() in C:\xampp\htdocs\Human-Resources-Management-System-BSIS-02\save_cycle.php on line 29
2025-09-02 12:22:50 Exception: Call to undefined method PDOStatement::bind_param() in C:\xampp\htdocs\Human-Resources-Management-System-BSIS-02\save_cycle.php on line 29
2025-09-02 12:23:17 Exception: Call to undefined method PDOStatement::bind_param() in C:\xampp\htdocs\Human-Resources-Management-System-BSIS-02\save_cycle.php on line 29
2025-09-02 12:25:57 Exception: Call to undefined method PDOStatement::bind_param() in C:\xampp\htdocs\Human-Resources-Management-System-BSIS-02\save_cycle.php on line 29
2025-09-02 12:28:36 Exception: Call to undefined method PDOStatement::bind_param() in C:\xampp\htdocs\Human-Resources-Management-System-BSIS-02\save_cycle.php on line 29
2025-09-02 12:28:45 Exception: Call to undefined method PDOStatement::bind_param() in C:\xampp\htdocs\Human-Resources-Management-System-BSIS-02\save_cycle.php on line 29
2025-09-02 12:28:47 Exception: Call to undefined method PDOStatement::bind_param() in C:\xampp\htdocs\Human-Resources-Management-System-BSIS-02\save_cycle.php on line 29
2025-09-02 12:28:59 Exception: Call to undefined method PDOStatement::bind_param() in C:\xampp\htdocs\Human-Resources-Management-System-BSIS-02\save_cycle.php on line 29
2025-09-02 12:29:00 Exception: Call to undefined method PDOStatement::bind_param() in C:\xampp\htdocs\Human-Resources-Management-System-BSIS-02\save_cycle.php on line 29
2025-09-02 12:29:01 Exception: Call to undefined method PDOStatement::bind_param() in C:\xampp\htdocs\Human-Resources-Management-System-BSIS-02\save_cycle.php on line 29
2025-09-02 12:29:02 Exception: Call to undefined method PDOStatement::bind_param() in C:\xampp\htdocs\Human-Resources-Management-System-BSIS-02\save_cycle.php on line 29
2025-09-02 12:33:55 Exception: Call to undefined method PDOStatement::bind_param() in C:\xampp\htdocs\Human-Resources-Management-System-BSIS-02\save_cycle.php on line 29
2025-09-02 12:37:23 Exception: Call to undefined method PDOStatement::bind_param() in C:\xampp\htdocs\Human-Resources-Management-System-BSIS-02\save_cycle.php on line 29
2025-09-02 12:37:25 Exception: Call to undefined method PDOStatement::bind_param() in C:\xampp\htdocs\Human-Resources-Management-System-BSIS-02\save_cycle.php on line 29
2025-09-02 12:38:48 Exception: Call to undefined method PDOStatement::bind_param() in C:\xampp\htdocs\Human-Resources-Management-System-BSIS-02\save_cycle.php on line 29
2025-09-02 12:42:38 Exception: Call to undefined method PDOStatement::bind_param() in C:\xampp\htdocs\Human-Resources-Management-System-BSIS-02\save_cycle.php on line 29
2025-09-02 12:49:11 Exception: Call to undefined method PDOStatement::bind_param() in C:\xampp\htdocs\Human-Resources-Management-System-BSIS-02\save_cycle.php on line 34
2025-09-02 12:51:21 Exception: Call to undefined method PDOStatement::bind_param() in C:\xampp\htdocs\Human-Resources-Management-System-BSIS-02\save_cycle.php on line 32
2025-09-02 13:00:15 Exception: SQLSTATE[42S02]: Base table or view not found: 1146 Table 'cc_hr.review_cycles' doesn't exist in C:\xampp\htdocs\Human-Resources-Management-System-BSIS-02\save_cycle.php on line 16
2025-09-02 13:00:16 Exception: SQLSTATE[42S02]: Base table or view not found: 1146 Table 'cc_hr.review_cycles' doesn't exist in C:\xampp\htdocs\Human-Resources-Management-System-BSIS-02\save_cycle.php on line 16
2025-09-02 13:00:17 Exception: SQLSTATE[42S02]: Base table or view not found: 1146 Table 'cc_hr.review_cycles' doesn't exist in C:\xampp\htdocs\Human-Resources-Management-System-BSIS-02\save_cycle.php on line 16
2025-09-02 13:00:54 Exception: SQLSTATE[42S02]: Base table or view not found: 1146 Table 'cc_hr.review_cycles' doesn't exist in C:\xampp\htdocs\Human-Resources-Management-System-BSIS-02\save_cycle.php on line 18
2025-09-02 13:00:56 Exception: SQLSTATE[42S02]: Base table or view not found: 1146 Table 'cc_hr.review_cycles' doesn't exist in C:\xampp\htdocs\Human-Resources-Management-System-BSIS-02\save_cycle.php on line 18
2025-09-02 13:04:11 Exception: SQLSTATE[42S02]: Base table or view not found: 1146 Table 'cc_hr.review_cycles' doesn't exist in C:\xampp\htdocs\Human-Resources-Management-System-BSIS-02\save_cycle.php on line 21
2025-09-02 13:04:13 Exception: SQLSTATE[42S02]: Base table or view not found: 1146 Table 'cc_hr.review_cycles' doesn't exist in C:\xampp\htdocs\Human-Resources-Management-System-BSIS-02\save_cycle.php on line 21
2025-09-02 13:04:13 Exception: SQLSTATE[42S02]: Base table or view not found: 1146 Table 'cc_hr.review_cycles' doesn't exist in C:\xampp\htdocs\Human-Resources-Management-System-BSIS-02\save_cycle.php on line 21
2025-09-02 13:04:14 Exception: SQLSTATE[42S02]: Base table or view not found: 1146 Table 'cc_hr.review_cycles' doesn't exist in C:\xampp\htdocs\Human-Resources-Management-System-BSIS-02\save_cycle.php on line 21
2025-09-02 13:05:54 Exception: Call to a member function execute() on null in C:\xampp\htdocs\Human-Resources-Management-System-BSIS-02\save_cycle.php on line 15
2025-09-02 13:07:17 Exception: Call to undefined method PDOStatement::bind_param() in C:\xampp\htdocs\Human-Resources-Management-System-BSIS-02\save_cycle.php on line 21
2025-09-02 13:10:27 Exception: Call to undefined method PDOStatement::bind_param() in C:\xampp\htdocs\Human-Resources-Management-System-BSIS-02\save_cycle.php on line 20
2025-09-02 13:10:35 Exception: Call to undefined method PDOStatement::bind_param() in C:\xampp\htdocs\Human-Resources-Management-System-BSIS-02\save_cycle.php on line 20
2025-09-02 13:28:39 Exception: Call to undefined method PDOStatement::bind_param() in C:\xampp\htdocs\Human-Resources-Management-System-BSIS-02\save_cycle.php on line 39
2025-09-02 13:28:59 Exception: Call to undefined method PDOStatement::bind_param() in C:\xampp\htdocs\Human-Resources-Management-System-BSIS-02\save_cycle.php on line 39
2025-09-02 13:30:14 Exception: Call to undefined method PDOStatement::bind_param() in C:\xampp\htdocs\Human-Resources-Management-System-BSIS-02\save_cycle.php on line 42
2025-09-02 13:30:49 Exception: Call to undefined method PDOStatement::bind_param() in C:\xampp\htdocs\Human-Resources-Management-System-BSIS-02\save_cycle.php on line 42
2025-09-02 13:31:20 Exception: Call to undefined method PDOStatement::bind_param() in C:\xampp\htdocs\Human-Resources-Management-System-BSIS-02\save_cycle.php on line 42
2025-09-02 13:35:45 Exception: Call to undefined method PDOStatement::bind_param() in C:\xampp\htdocs\Human-Resources-Management-System-BSIS-02\save_cycle.php on line 42
2025-09-02 13:37:38 Exception: Call to undefined method PDOStatement::bind_param() in C:\xampp\htdocs\Human-Resources-Management-System-BSIS-02\save_cycle.php on line 33
2025-09-02 13:39:55 Exception: Call to undefined method PDOStatement::bind_param() in C:\xampp\htdocs\Human-Resources-Management-System-BSIS-02\save_cycle.php on line 38
2025-09-02 13:40:03 Exception: Call to undefined method PDOStatement::bind_param() in C:\xampp\htdocs\Human-Resources-Management-System-BSIS-02\save_cycle.php on line 38
2025-09-02 13:41:13 Exception: Call to undefined method PDOStatement::bind_param() in C:\xampp\htdocs\Human-Resources-Management-System-BSIS-02\save_cycle.php on line 31
2025-09-02 13:41:42 Exception: Call to undefined method PDOStatement::bind_param() in C:\xampp\htdocs\Human-Resources-Management-System-BSIS-02\save_cycle.php on line 31
2025-09-02 13:51:54 Exception: Call to undefined method PDOStatement::bind_param() in C:\xampp\htdocs\Human-Resources-Management-System-BSIS-02\save_cycle.php on line 31
2025-09-02 13:53:36 Exception: Call to undefined method PDOStatement::bind_param() in C:\xampp\htdocs\Human-Resources-Management-System-BSIS-02\save_cycle.php on line 31
2025-09-02 14:03:32 Exception: Call to undefined method PDOStatement::get_result() in C:\xampp\htdocs\Human-Resources-Management-System-BSIS-02\get_cycles.php on line 13
2025-09-02 14:03:32 Exception: Call to undefined method PDOStatement::get_result() in C:\xampp\htdocs\Human-Resources-Management-System-BSIS-02\get_cycles.php on line 13
2025-09-02 14:03:32 Exception: Call to undefined method PDOStatement::get_result() in C:\xampp\htdocs\Human-Resources-Management-System-BSIS-02\get_cycles.php on line 13
2025-09-02 14:03:33 Exception: Call to undefined method PDOStatement::get_result() in C:\xampp\htdocs\Human-Resources-Management-System-BSIS-02\get_cycles.php on line 13
2025-09-02 14:03:33 Exception: Call to undefined method PDOStatement::get_result() in C:\xampp\htdocs\Human-Resources-Management-System-BSIS-02\get_cycles.php on line 13
2025-09-02 14:03:49 Exception: Call to undefined method PDOStatement::get_result() in C:\xampp\htdocs\Human-Resources-Management-System-BSIS-02\get_cycles.php on line 13
2025-09-02 14:04:12 Exception: Call to undefined method PDOStatement::get_result() in C:\xampp\htdocs\Human-Resources-Management-System-BSIS-02\get_cycles.php on line 13
2025-09-02 14:05:55 Exception: Call to undefined method PDOStatement::get_result() in C:\xampp\htdocs\Human-Resources-Management-System-BSIS-02\get_cycles.php on line 13
2025-09-02 14:05:56 Exception: Call to undefined method PDOStatement::get_result() in C:\xampp\htdocs\Human-Resources-Management-System-BSIS-02\get_cycles.php on line 13
2025-09-02 14:05:56 Exception: Call to undefined method PDOStatement::get_result() in C:\xampp\htdocs\Human-Resources-Management-System-BSIS-02\get_cycles.php on line 13
2025-09-02 14:05:57 Exception: Call to undefined method PDOStatement::get_result() in C:\xampp\htdocs\Human-Resources-Management-System-BSIS-02\get_cycles.php on line 13
2025-09-02 14:05:57 Exception: Call to undefined method PDOStatement::get_result() in C:\xampp\htdocs\Human-Resources-Management-System-BSIS-02\get_cycles.php on line 13
2025-09-02 14:06:03 Exception: Call to undefined method PDOStatement::get_result() in C:\xampp\htdocs\Human-Resources-Management-System-BSIS-02\get_cycles.php on line 13
2025-09-02 14:07:17 Exception: Call to undefined method PDOStatement::get_result() in C:\xampp\htdocs\Human-Resources-Management-System-BSIS-02\get_cycles.php on line 13
2025-09-02 14:08:30 Exception: Call to undefined method PDOStatement::get_result() in C:\xampp\htdocs\Human-Resources-Management-System-BSIS-02\get_cycles.php on line 13
2025-09-02 14:08:34 Exception: Call to undefined method PDOStatement::get_result() in C:\xampp\htdocs\Human-Resources-Management-System-BSIS-02\get_cycles.php on line 13
2025-09-02 14:12:31 Exception: Call to undefined method PDOStatement::get_result() in C:\xampp\htdocs\Human-Resources-Management-System-BSIS-02\get_cycles.php on line 13
2025-09-02 14:14:13 Exception: Call to undefined method PDOStatement::get_result() in C:\xampp\htdocs\Human-Resources-Management-System-BSIS-02\get_cycles.php on line 23
2025-09-02 14:14:21 Exception: Call to undefined method PDOStatement::get_result() in C:\xampp\htdocs\Human-Resources-Management-System-BSIS-02\get_cycles.php on line 23
2025-09-02 14:15:16 Exception: Call to undefined method PDOStatement::get_result() in C:\xampp\htdocs\Human-Resources-Management-System-BSIS-02\get_cycles.php on line 23
2025-09-02 14:15:20 Exception: Call to undefined method PDOStatement::get_result() in C:\xampp\htdocs\Human-Resources-Management-System-BSIS-02\get_cycles.php on line 23
2025-09-02 14:17:34 Exception: Call to undefined method PDOStatement::get_result() in C:\xampp\htdocs\Human-Resources-Management-System-BSIS-02\get_cycles.php on line 33
2025-09-02 14:17:52 Exception: Call to undefined method PDOStatement::get_result() in C:\xampp\htdocs\Human-Resources-Management-System-BSIS-02\get_cycles.php on line 33
2025-09-02 14:18:04 Exception: Call to undefined method PDOStatement::get_result() in C:\xampp\htdocs\Human-Resources-Management-System-BSIS-02\get_cycles.php on line 33
2025-09-02 14:20:29 Exception: Call to undefined method PDOStatement::get_result() in C:\xampp\htdocs\Human-Resources-Management-System-BSIS-02\get_cycles.php on line 34
2025-09-02 14:20:29 Exception: Call to undefined method PDOStatement::get_result() in C:\xampp\htdocs\Human-Resources-Management-System-BSIS-02\get_cycles.php on line 34
2025-09-02 14:20:30 Exception: Call to undefined method PDOStatement::get_result() in C:\xampp\htdocs\Human-Resources-Management-System-BSIS-02\get_cycles.php on line 34
2025-09-02 14:20:30 Exception: Call to undefined method PDOStatement::get_result() in C:\xampp\htdocs\Human-Resources-Management-System-BSIS-02\get_cycles.php on line 34
2025-09-02 14:21:11 Exception: Call to undefined method PDOStatement::get_result() in C:\xampp\htdocs\Human-Resources-Management-System-BSIS-02\get_cycles.php on line 34
2025-09-02 14:21:11 Exception: Call to undefined method PDOStatement::get_result() in C:\xampp\htdocs\Human-Resources-Management-System-BSIS-02\get_cycles.php on line 34
2025-09-02 14:21:11 Exception: Call to undefined method PDOStatement::get_result() in C:\xampp\htdocs\Human-Resources-Management-System-BSIS-02\get_cycles.php on line 34
2025-09-02 14:21:11 Exception: Call to undefined method PDOStatement::get_result() in C:\xampp\htdocs\Human-Resources-Management-System-BSIS-02\get_cycles.php on line 34
2025-09-02 14:22:23 Exception: Call to undefined method PDOStatement::get_result() in C:\xampp\htdocs\Human-Resources-Management-System-BSIS-02\get_cycles.php on line 26
2025-09-02 14:22:23 Exception: Call to undefined method PDOStatement::get_result() in C:\xampp\htdocs\Human-Resources-Management-System-BSIS-02\get_cycles.php on line 26
2025-09-03 14:45:16 Exception: SQLSTATE[42S02]: Base table or view not found: 1146 Table 'cc_hr.employees' doesn't exist in C:\xampp\htdocs\Human-Resources-Management-System-BSIS-02\get_cycle_evaluations.php on line 18
2025-09-03 14:45:17 Exception: SQLSTATE[42S02]: Base table or view not found: 1146 Table 'cc_hr.employees' doesn't exist in C:\xampp\htdocs\Human-Resources-Management-System-BSIS-02\get_cycle_evaluations.php on line 18
2025-09-03 14:45:17 Exception: SQLSTATE[42S02]: Base table or view not found: 1146 Table 'cc_hr.employees' doesn't exist in C:\xampp\htdocs\Human-Resources-Management-System-BSIS-02\get_cycle_evaluations.php on line 18
2025-09-03 14:45:19 Exception: SQLSTATE[42S02]: Base table or view not found: 1146 Table 'cc_hr.employees' doesn't exist in C:\xampp\htdocs\Human-Resources-Management-System-BSIS-02\get_cycle_evaluations.php on line 18
2025-09-03 14:45:20 Exception: SQLSTATE[42S02]: Base table or view not found: 1146 Table 'cc_hr.employees' doesn't exist in C:\xampp\htdocs\Human-Resources-Management-System-BSIS-02\get_cycle_evaluations.php on line 18
2025-09-03 14:45:22 Exception: SQLSTATE[42S02]: Base table or view not found: 1146 Table 'cc_hr.employees' doesn't exist in C:\xampp\htdocs\Human-Resources-Management-System-BSIS-02\get_cycle_evaluations.php on line 18
2025-09-03 14:45:23 Exception: SQLSTATE[42S02]: Base table or view not found: 1146 Table 'cc_hr.employees' doesn't exist in C:\xampp\htdocs\Human-Resources-Management-System-BSIS-02\get_cycle_evaluations.php on line 18
2025-09-03 14:45:23 Exception: SQLSTATE[42S02]: Base table or view not found: 1146 Table 'cc_hr.employees' doesn't exist in C:\xampp\htdocs\Human-Resources-Management-System-BSIS-02\get_cycle_evaluations.php on line 18
2025-09-03 14:45:31 Exception: SQLSTATE[42S02]: Base table or view not found: 1146 Table 'cc_hr.employees' doesn't exist in C:\xampp\htdocs\Human-Resources-Management-System-BSIS-02\get_cycle_evaluations.php on line 18
2025-09-03 14:45:31 Exception: SQLSTATE[42S02]: Base table or view not found: 1146 Table 'cc_hr.employees' doesn't exist in C:\xampp\htdocs\Human-Resources-Management-System-BSIS-02\get_cycle_evaluations.php on line 18
2025-09-03 14:45:31 Exception: SQLSTATE[42S02]: Base table or view not found: 1146 Table 'cc_hr.employees' doesn't exist in C:\xampp\htdocs\Human-Resources-Management-System-BSIS-02\get_cycle_evaluations.php on line 18
2025-09-03 14:45:32 Exception: SQLSTATE[42S02]: Base table or view not found: 1146 Table 'cc_hr.employees' doesn't exist in C:\xampp\htdocs\Human-Resources-Management-System-BSIS-02\get_cycle_evaluations.php on line 18
2025-09-03 14:45:32 Exception: SQLSTATE[42S02]: Base table or view not found: 1146 Table 'cc_hr.employees' doesn't exist in C:\xampp\htdocs\Human-Resources-Management-System-BSIS-02\get_cycle_evaluations.php on line 18
2025-09-03 14:45:32 Exception: SQLSTATE[42S02]: Base table or view not found: 1146 Table 'cc_hr.employees' doesn't exist in C:\xampp\htdocs\Human-Resources-Management-System-BSIS-02\get_cycle_evaluations.php on line 18
2025-09-03 14:45:33 Exception: SQLSTATE[42S02]: Base table or view not found: 1146 Table 'cc_hr.employees' doesn't exist in C:\xampp\htdocs\Human-Resources-Management-System-BSIS-02\get_cycle_evaluations.php on line 18
2025-09-03 14:45:33 Exception: SQLSTATE[42S02]: Base table or view not found: 1146 Table 'cc_hr.employees' doesn't exist in C:\xampp\htdocs\Human-Resources-Management-System-BSIS-02\get_cycle_evaluations.php on line 18
2025-09-03 14:45:33 Exception: SQLSTATE[42S02]: Base table or view not found: 1146 Table 'cc_hr.employees' doesn't exist in C:\xampp\htdocs\Human-Resources-Management-System-BSIS-02\get_cycle_evaluations.php on line 18
2025-09-03 14:45:34 Exception: SQLSTATE[42S02]: Base table or view not found: 1146 Table 'cc_hr.employees' doesn't exist in C:\xampp\htdocs\Human-Resources-Management-System-BSIS-02\get_cycle_evaluations.php on line 18
2025-09-03 14:45:34 Exception: SQLSTATE[42S02]: Base table or view not found: 1146 Table 'cc_hr.employees' doesn't exist in C:\xampp\htdocs\Human-Resources-Management-System-BSIS-02\get_cycle_evaluations.php on line 18
2025-09-03 14:45:34 Exception: SQLSTATE[42S02]: Base table or view not found: 1146 Table 'cc_hr.employees' doesn't exist in C:\xampp\htdocs\Human-Resources-Management-System-BSIS-02\get_cycle_evaluations.php on line 18
